AllSearching/app/build 2/intermediates/manifest_merge_blame_file/debug/manifest-merger-blame-debug-report 3.txt
1<?xml version="1.0" encoding="utf-8"?>
2<manifest xmlns:android="http://schemas.android.com/apk/res/android"
3    package="com.woojoo.allsearching"
4    android:versionCode="1"
5    android:versionName="1.0" >
6
7    <uses-sdk
8        android:minSdkVersion="28"
8-->src/main/AndroidManifest.xml
9        android:targetSdkVersion="31" />
9-->src/main/AndroidManifest.xml
10
11    <uses-permission android:name="android.permission.INTERNET" />
11-->src/main/AndroidManifest.xml:5:5-67
11-->src/main/AndroidManifest.xml:5:22-64
12
13    <application
13-->src/main/AndroidManifest.xml:7:5-39:19
14        android:name="com.woojoo.allsearching.AllSearchingApplication"
14-->src/main/AndroidManifest.xml:8:9-71
15        android:allowBackup="true"
15-->src/main/AndroidManifest.xml:9:9-35
16        android:appComponentFactory="androidx.core.app.CoreComponentFactory"
16-->[androidx.core:core:1.8.0] AndroidManifest.xml:24:18-86
17        android:debuggable="true"
18        android:extractNativeLibs="false"
19        android:icon="@mipmap/ic_launcher"
19-->src/main/AndroidManifest.xml:10:9-43
20        android:label="@string/app_name"
20-->src/main/AndroidManifest.xml:11:9-41
21        android:roundIcon="@mipmap/ic_launcher_round"
21-->src/main/AndroidManifest.xml:12:9-54
22        android:supportsRtl="true"
22-->src/main/AndroidManifest.xml:13:9-35
23        android:testOnly="true"
24        android:theme="@style/Theme.KBankTest"
24-->src/main/AndroidManifest.xml:15:9-47
25        android:usesCleartextTraffic="true" >
25-->src/main/AndroidManifest.xml:14:9-44
26        <activity
26-->src/main/AndroidManifest.xml:16:9-22:20
27            android:name="com.woojoo.allsearching.ui.BindingActivity"
27-->src/main/AndroidManifest.xml:17:13-47
28            android:exported="false" >
28-->src/main/AndroidManifest.xml:18:13-37
29            <meta-data
29-->src/main/AndroidManifest.xml:19:13-21:36
30                android:name="android.app.lib_name"
30-->src/main/AndroidManifest.xml:20:17-52
31                android:value="" />
31-->src/main/AndroidManifest.xml:21:17-33
32        </activity>
33        <activity
33-->src/main/AndroidManifest.xml:23:9-29:20
34            android:name="com.woojoo.allsearching.ui.activity.ResultWebViewActivity"
34-->src/main/AndroidManifest.xml:24:13-62
35            android:exported="false" >
35-->src/main/AndroidManifest.xml:25:13-37
36            <meta-data
36-->src/main/AndroidManifest.xml:19:13-21:36
37                android:name="android.app.lib_name"
37-->src/main/AndroidManifest.xml:20:17-52
38                android:value="" />
38-->src/main/AndroidManifest.xml:21:17-33
39        </activity>
40        <activity
40-->src/main/AndroidManifest.xml:30:9-38:20
41            android:name="com.woojoo.allsearching.ui.activity.MainActivity"
41-->src/main/AndroidManifest.xml:31:13-53
42            android:exported="true" >
42-->src/main/AndroidManifest.xml:32:13-36
43            <intent-filter>
43-->src/main/AndroidManifest.xml:33:13-37:29
44                <action android:name="android.intent.action.MAIN" />
44-->src/main/AndroidManifest.xml:34:17-69
44-->src/main/AndroidManifest.xml:34:25-66
45
46                <category android:name="android.intent.category.LAUNCHER" />
46-->src/main/AndroidManifest.xml:36:17-77
46-->src/main/AndroidManifest.xml:36:27-74
47            </intent-filter>
48        </activity>
49
50        <provider
50-->[androidx.emoji2:emoji2:1.0.0] AndroidManifest.xml:26:9-34:20
51            android:name="androidx.startup.InitializationProvider"
51-->[androidx.emoji2:emoji2:1.0.0] AndroidManifest.xml:27:13-67
52            android:authorities="com.woojoo.allsearching.androidx-startup"
52-->[androidx.emoji2:emoji2:1.0.0] AndroidManifest.xml:28:13-68
53            android:exported="false" >
53-->[androidx.emoji2:emoji2:1.0.0] AndroidManifest.xml:29:13-37
54            <meta-data
54-->[androidx.emoji2:emoji2:1.0.0] AndroidManifest.xml:31:13-33:52
55                android:name="androidx.emoji2.text.EmojiCompatInitializer"
55-->[androidx.emoji2:emoji2:1.0.0] AndroidManifest.xml:32:17-75
56                android:value="androidx.startup" />
56-->[androidx.emoji2:emoji2:1.0.0] AndroidManifest.xml:33:17-49
57            <meta-data
57-->[androidx.lifecycle:lifecycle-process:2.4.0] AndroidManifest.xml:31:13-33:52
58                android:name="androidx.lifecycle.ProcessLifecycleInitializer"
58-->[androidx.lifecycle:lifecycle-process:2.4.0] AndroidManifest.xml:32:17-78
59                android:value="androidx.startup" />
59-->[androidx.lifecycle:lifecycle-process:2.4.0] AndroidManifest.xml:33:17-49
60        </provider>
61
62        <service
62-->[androidx.room:room-runtime:2.4.3] AndroidManifest.xml:25:9-28:40
63            android:name="androidx.room.MultiInstanceInvalidationService"
63-->[androidx.room:room-runtime:2.4.3] AndroidManifest.xml:26:13-74
64            android:directBootAware="true"
64-->[androidx.room:room-runtime:2.4.3] AndroidManifest.xml:27:13-43
65            android:exported="false" />
65-->[androidx.room:room-runtime:2.4.3] AndroidManifest.xml:28:13-37
66    </application>
67
68</manifest>